app/build/intermediates/manifest_merge_blame_file/release/processReleaseMainManifest/manifest-merger-blame-release-report.txt
1<?xml version="1.0" encoding="utf-8"?>
2<manifest xmlns:android="http://schemas.android.com/apk/res/android"
3    package="com.example.eventorias"
4    android:versionCode="1"
5    android:versionName="1.0" >
6
7    <uses-sdk
8        android:minSdkVersion="24"
9        android:targetSdkVersion="34" />
10
11    <uses-permission android:name="android.permission.READ_EXTERNAL_STORAGE" />
11-->src\main\AndroidManifest.xml:4:5-80
11-->src\main\AndroidManifest.xml:4:22-77
12    <uses-permission android:name="android.permission.WRITE_EXTERNAL_STORAGE" />
12-->src\main\AndroidManifest.xml:5:5-81
12-->src\main\AndroidManifest.xml:5:22-78
13    <uses-permission android:name="android.permission.CAMERA" />
13-->src\main\AndroidManifest.xml:6:5-7:71
13-->src\main\AndroidManifest.xml:6:22-62
14    <uses-permission android:name="android.permission.POST_NOTIFICATIONS" />
14-->src\main\AndroidManifest.xml:8:5-76
14-->src\main\AndroidManifest.xml:8:22-74
15    <uses-permission android:name="android.permission.ACCESS_NETWORK_STATE" />
15-->[com.firebaseui:firebase-ui-auth:8.0.2] AndroidManifest.xml:10:5-79
15-->[com.firebaseui:firebase-ui-auth:8.0.2] AndroidManifest.xml:10:22-76
16    <uses-permission android:name="android.permission.INTERNET" /> <!-- Used to check if a browser is available before launching phone auth -->
16-->[com.firebaseui:firebase-ui-auth:8.0.2] AndroidManifest.xml:11:5-67
16-->[com.firebaseui:firebase-ui-auth:8.0.2] AndroidManifest.xml:11:22-64
17    <!-- See ui/phone/PhoneNumberVerificationHandler.isBrowserAvailable() -->
18    <queries>
18-->[com.firebaseui:firebase-ui-auth:8.0.2] AndroidManifest.xml:15:5-23:15
19        <intent>
19-->[com.firebaseui:firebase-ui-auth:8.0.2] AndroidManifest.xml:16:9-22:18
20            <action android:name="android.intent.action.VIEW" />
20-->[com.firebaseui:firebase-ui-auth:8.0.2] AndroidManifest.xml:17:13-65
20-->[com.firebaseui:firebase-ui-auth:8.0.2] AndroidManifest.xml:17:21-62
21
22            <category android:name="android.intent.category.BROWSABLE" />
22-->[com.firebaseui:firebase-ui-auth:8.0.2] AndroidManifest.xml:19:13-74
22-->[com.firebaseui:firebase-ui-auth:8.0.2] AndroidManifest.xml:19:23-71
23
24            <data android:scheme="http" />
24-->[com.firebaseui:firebase-ui-auth:8.0.2] AndroidManifest.xml:21:13-43
24-->[com.firebaseui:firebase-ui-auth:8.0.2] AndroidManifest.xml:21:19-40
25        </intent>
26    </queries>
27
28    <uses-permission android:name="android.permission.WAKE_LOCK" /> <!-- Required by older versions of Google Play services to create IID tokens -->
28-->[com.google.firebase:firebase-messaging:24.1.0] AndroidManifest.xml:24:5-68
28-->[com.google.firebase:firebase-messaging:24.1.0] AndroidManifest.xml:24:22-65
29    <uses-permission android:name="com.google.android.c2dm.permission.RECEIVE" />
29-->[com.google.firebase:firebase-messaging:24.1.0] AndroidManifest.xml:26:5-82
29-->[com.google.firebase:firebase-messaging:24.1.0] AndroidManifest.xml:26:22-79
30    <uses-permission android:name="com.google.android.gms.permission.AD_ID" />
30-->[com.google.android.gms:play-services-measurement-api:22.1.2] AndroidManifest.xml:25:5-79
30-->[com.google.android.gms:play-services-measurement-api:22.1.2] AndroidManifest.xml:25:22-76
31    <uses-permission android:name="android.permission.ACCESS_ADSERVICES_ATTRIBUTION" />
31-->[com.google.android.gms:play-services-measurement-api:22.1.2] AndroidManifest.xml:26:5-88
31-->[com.google.android.gms:play-services-measurement-api:22.1.2] AndroidManifest.xml:26:22-85
32    <uses-permission android:name="android.permission.ACCESS_ADSERVICES_AD_ID" />
32-->[com.google.android.gms:play-services-measurement-api:22.1.2] AndroidManifest.xml:27:5-82
32-->[com.google.android.gms:play-services-measurement-api:22.1.2] AndroidManifest.xml:27:22-79
33    <uses-permission android:name="android.permission.RECEIVE_BOOT_COMPLETED" />
33-->[androidx.work:work-runtime:2.10.0] AndroidManifest.xml:25:5-81
33-->[androidx.work:work-runtime:2.10.0] AndroidManifest.xml:25:22-78
34    <uses-permission android:name="android.permission.FOREGROUND_SERVICE" />
34-->[androidx.work:work-runtime:2.10.0] AndroidManifest.xml:26:5-77
34-->[androidx.work:work-runtime:2.10.0] AndroidManifest.xml:26:22-74
35    <uses-permission android:name="android.permission.REORDER_TASKS" />
35-->[androidx.test:core:1.6.1] AndroidManifest.xml:24:5-72
35-->[androidx.test:core:1.6.1] AndroidManifest.xml:24:22-69
36    <uses-permission android:name="com.google.android.finsky.permission.BIND_GET_INSTALL_REFERRER_SERVICE" />
36-->[com.google.android.gms:play-services-measurement:22.1.2] AndroidManifest.xml:26:5-110
36-->[com.google.android.gms:play-services-measurement:22.1.2] AndroidManifest.xml:26:22-107
37    <uses-permission android:name="com.google.android.providers.gsf.permission.READ_GSERVICES" />
37-->[com.google.android.recaptcha:recaptcha:18.5.1] AndroidManifest.xml:9:5-98
37-->[com.google.android.recaptcha:recaptcha:18.5.1] AndroidManifest.xml:9:22-95
38
39    <permission
39-->[androidx.core:core:1.15.0] AndroidManifest.xml:22:5-24:47
40        android:name="com.example.eventorias.DYNAMIC_RECEIVER_NOT_EXPORTED_PERMISSION"
40-->[androidx.core:core:1.15.0] AndroidManifest.xml:23:9-81
41        android:protectionLevel="signature" />
41-->[androidx.core:core:1.15.0] AndroidManifest.xml:24:9-44
42
43    <uses-permission android:name="com.example.eventorias.DYNAMIC_RECEIVER_NOT_EXPORTED_PERMISSION" />
43-->[androidx.core:core:1.15.0] AndroidManifest.xml:26:5-97
43-->[androidx.core:core:1.15.0] AndroidManifest.xml:26:22-94
44
45    <application
45-->src\main\AndroidManifest.xml:9:5-41:19
46        android:name="com.example.eventorias.MyApplication"
46-->src\main\AndroidManifest.xml:10:9-38
47        android:allowBackup="true"
47-->src\main\AndroidManifest.xml:11:9-35
48        android:appComponentFactory="androidx.core.app.CoreComponentFactory"
48-->[androidx.core:core:1.15.0] AndroidManifest.xml:28:18-86
49        android:dataExtractionRules="@xml/data_extraction_rules"
49-->src\main\AndroidManifest.xml:12:9-65
50        android:extractNativeLibs="false"
51        android:fullBackupContent="@xml/backup_rules"
51-->src\main\AndroidManifest.xml:13:9-54
52        android:icon="@mipmap/ic_launcher"
52-->src\main\AndroidManifest.xml:14:9-43
53        android:label="@string/app_name"
53-->src\main\AndroidManifest.xml:15:9-41
54        android:roundIcon="@mipmap/ic_launcher"
54-->src\main\AndroidManifest.xml:16:9-48
55        android:supportsRtl="true"
55-->src\main\AndroidManifest.xml:17:9-35
56        android:theme="@style/Theme.Eventorias" >
56-->src\main\AndroidManifest.xml:18:9-48
57        <activity
57-->src\main\AndroidManifest.xml:20:9-30:20
58            android:name="com.example.eventorias.ui.MainActivity"
58-->src\main\AndroidManifest.xml:21:13-44
59            android:exported="true"
59-->src\main\AndroidManifest.xml:23:13-36
60            android:label="@string/app_name"
60-->src\main\AndroidManifest.xml:24:13-45
61            android:theme="@style/Theme.AppCompat.Light.DarkActionBar" >
61-->src\main\AndroidManifest.xml:22:13-71
62            <intent-filter>
62-->src\main\AndroidManifest.xml:25:13-29:29
63                <action android:name="android.intent.action.MAIN" />
63-->src\main\AndroidManifest.xml:26:17-69
63-->src\main\AndroidManifest.xml:26:25-66
64
65                <category android:name="android.intent.category.LAUNCHER" />
65-->src\main\AndroidManifest.xml:28:17-77
65-->src\main\AndroidManifest.xml:28:27-74
66            </intent-filter>
67        </activity>
68        <activity android:name="com.example.eventorias.ui.detail.EventDetailActivity" >
68-->src\main\AndroidManifest.xml:31:9-32:20
68-->src\main\AndroidManifest.xml:31:19-64
69        </activity>
70
71        <service
71-->src\main\AndroidManifest.xml:34:9-40:19
72            android:name="com.example.eventorias.MyFirebaseMessagingService"
72-->src\main\AndroidManifest.xml:35:13-55
73            android:exported="false" >
73-->src\main\AndroidManifest.xml:36:13-37
74            <intent-filter>
74-->src\main\AndroidManifest.xml:37:13-39:29
75                <action android:name="com.google.firebase.MESSAGING_EVENT" />
75-->src\main\AndroidManifest.xml:38:17-78
75-->src\main\AndroidManifest.xml:38:25-75
76            </intent-filter>
77        </service>
78
79        <meta-data
79-->[com.firebaseui:firebase-ui-auth:8.0.2] AndroidManifest.xml:26:9-28:69
80            android:name="com.google.android.gms.version"
80-->[com.firebaseui:firebase-ui-auth:8.0.2] AndroidManifest.xml:27:13-58
81            android:value="@integer/google_play_services_version" />
81-->[com.firebaseui:firebase-ui-auth:8.0.2] AndroidManifest.xml:28:13-66
82        <meta-data
82-->[com.firebaseui:firebase-ui-auth:8.0.2] AndroidManifest.xml:29:9-31:63
83            android:name="com.facebook.sdk.ApplicationId"
83-->[com.firebaseui:firebase-ui-auth:8.0.2] AndroidManifest.xml:30:13-58
84            android:value="@string/facebook_application_id" />
84-->[com.firebaseui:firebase-ui-auth:8.0.2] AndroidManifest.xml:31:13-60
85
86        <activity
86-->[com.firebaseui:firebase-ui-auth:8.0.2] AndroidManifest.xml:33:9-37:61
87            android:name="com.firebase.ui.auth.KickoffActivity"
87-->[com.firebaseui:firebase-ui-auth:8.0.2] AndroidManifest.xml:34:13-64
88            android:exported="false"
88-->[com.firebaseui:firebase-ui-auth:8.0.2] AndroidManifest.xml:35:13-37
89            android:label=""
89-->[com.firebaseui:firebase-ui-auth:8.0.2] AndroidManifest.xml:36:13-29
90            android:theme="@style/FirebaseUI.Transparent" />
90-->[com.firebaseui:firebase-ui-auth:8.0.2] AndroidManifest.xml:37:13-58
91        <activity
91-->[com.firebaseui:firebase-ui-auth:8.0.2] AndroidManifest.xml:38:9-42:61
92            android:name="com.firebase.ui.auth.ui.idp.SingleSignInActivity"
92-->[com.firebaseui:firebase-ui-auth:8.0.2] AndroidManifest.xml:39:13-76
93            android:exported="false"
93-->[com.firebaseui:firebase-ui-auth:8.0.2] AndroidManifest.xml:40:13-37
94            android:label=""
94-->[com.firebaseui:firebase-ui-auth:8.0.2] AndroidManifest.xml:41:13-29
95            android:theme="@style/FirebaseUI.Transparent" />
95-->[com.firebaseui:firebase-ui-auth:8.0.2] AndroidManifest.xml:42:13-58
96        <activity
96-->[com.firebaseui:firebase-ui-auth:8.0.2] AndroidManifest.xml:43:9-47:61
97            android:name="com.firebase.ui.auth.ui.credentials.CredentialSaveActivity"
97-->[com.firebaseui:firebase-ui-auth:8.0.2] AndroidManifest.xml:44:13-86
98            android:exported="false"
98-->[com.firebaseui:firebase-ui-auth:8.0.2] AndroidManifest.xml:45:13-37
99            android:label=""
99-->[com.firebaseui:firebase-ui-auth:8.0.2] AndroidManifest.xml:46:13-29
100            android:theme="@style/FirebaseUI.Transparent" />
100-->[com.firebaseui:firebase-ui-auth:8.0.2] AndroidManifest.xml:47:13-58
101        <activity
101-->[com.firebaseui:firebase-ui-auth:8.0.2] AndroidManifest.xml:48:9-52:58
102            android:name="com.firebase.ui.auth.ui.email.RecoverPasswordActivity"
102-->[com.firebaseui:firebase-ui-auth:8.0.2] AndroidManifest.xml:49:13-81
103            android:exported="false"
103-->[com.firebaseui:firebase-ui-auth:8.0.2] AndroidManifest.xml:50:13-37
104            android:label="@string/fui_title_recover_password_activity"
104-->[com.firebaseui:firebase-ui-auth:8.0.2] AndroidManifest.xml:51:13-72
105            android:windowSoftInputMode="adjustResize" />
105-->[com.firebaseui:firebase-ui-auth:8.0.2] AndroidManifest.xml:52:13-55
106        <activity
106-->[com.firebaseui:firebase-ui-auth:8.0.2] AndroidManifest.xml:53:9-57:58
107            android:name="com.firebase.ui.auth.ui.email.EmailActivity"
107-->[com.firebaseui:firebase-ui-auth:8.0.2] AndroidManifest.xml:54:13-71
108            android:exported="false"
108-->[com.firebaseui:firebase-ui-auth:8.0.2] AndroidManifest.xml:55:13-37
109            android:label="@string/fui_sign_in_default"
109-->[com.firebaseui:firebase-ui-auth:8.0.2] AndroidManifest.xml:56:13-56
110            android:windowSoftInputMode="adjustResize" />
110-->[com.firebaseui:firebase-ui-auth:8.0.2] AndroidManifest.xml:57:13-55
111        <activity
111-->[com.firebaseui:firebase-ui-auth:8.0.2] AndroidManifest.xml:58:9-62:77
112            android:name="com.firebase.ui.auth.ui.phone.PhoneActivity"
112-->[com.firebaseui:firebase-ui-auth:8.0.2] AndroidManifest.xml:59:13-71
113            android:exported="false"
113-->[com.firebaseui:firebase-ui-auth:8.0.2] AndroidManifest.xml:60:13-37
114            android:label="@string/fui_sign_in_with_phone_number"
114-->[com.firebaseui:firebase-ui-auth:8.0.2] AndroidManifest.xml:61:13-66
115            android:windowSoftInputMode="adjustResize|stateAlwaysVisible" />
115-->[com.firebaseui:firebase-ui-auth:8.0.2] AndroidManifest.xml:62:13-74
116        <activity
116-->[com.firebaseui:firebase-ui-auth:8.0.2] AndroidManifest.xml:63:9-67:58
117            android:name="com.firebase.ui.auth.ui.idp.WelcomeBackIdpPrompt"
117-->[com.firebaseui:firebase-ui-auth:8.0.2] AndroidManifest.xml:64:13-76
118            android:exported="false"
118-->[com.firebaseui:firebase-ui-auth:8.0.2] AndroidManifest.xml:65:13-37
119            android:label="@string/fui_title_welcome_back_idp_prompt"
119-->[com.firebaseui:firebase-ui-auth:8.0.2] AndroidManifest.xml:66:13-70
120            android:windowSoftInputMode="adjustResize" />
120-->[com.firebaseui:firebase-ui-auth:8.0.2] AndroidManifest.xml:67:13-55
121        <activity
121-->[com.firebaseui:firebase-ui-auth:8.0.2] AndroidManifest.xml:68:9-72:58
122            android:name="com.firebase.ui.auth.ui.email.WelcomeBackPasswordPrompt"
122-->[com.firebaseui:firebase-ui-auth:8.0.2] AndroidManifest.xml:69:13-83
123            android:exported="false"
123-->[com.firebaseui:firebase-ui-auth:8.0.2] AndroidManifest.xml:70:13-37
124            android:label="@string/fui_title_welcome_back_password_prompt"
124-->[com.firebaseui:firebase-ui-auth:8.0.2] AndroidManifest.xml:71:13-75
125            android:windowSoftInputMode="adjustResize" />
125-->[com.firebaseui:firebase-ui-auth:8.0.2] AndroidManifest.xml:72:13-55
126        <activity
126-->[com.firebaseui:firebase-ui-auth:8.0.2] AndroidManifest.xml:73:9-77:58
127            android:name="com.firebase.ui.auth.ui.email.WelcomeBackEmailLinkPrompt"
127-->[com.firebaseui:firebase-ui-auth:8.0.2] AndroidManifest.xml:74:13-84
128            android:exported="false"
128-->[com.firebaseui:firebase-ui-auth:8.0.2] AndroidManifest.xml:75:13-37
129            android:label="@string/fui_title_welcome_back_password_prompt"
129-->[com.firebaseui:firebase-ui-auth:8.0.2] AndroidManifest.xml:76:13-75
130            android:windowSoftInputMode="adjustResize" />
130-->[com.firebaseui:firebase-ui-auth:8.0.2] AndroidManifest.xml:77:13-55
131        <activity
131-->[com.firebaseui:firebase-ui-auth:8.0.2] AndroidManifest.xml:78:9-83:58
132            android:name="com.firebase.ui.auth.ui.email.EmailLinkCatcherActivity"
132-->[com.firebaseui:firebase-ui-auth:8.0.2] AndroidManifest.xml:79:13-82
133            android:exported="false"
133-->[com.firebaseui:firebase-ui-auth:8.0.2] AndroidManifest.xml:80:13-37
134            android:label=""
134-->[com.firebaseui:firebase-ui-auth:8.0.2] AndroidManifest.xml:81:13-29
135            android:theme="@style/FirebaseUI.Transparent"
135-->[com.firebaseui:firebase-ui-auth:8.0.2] AndroidManifest.xml:82:13-58
136            android:windowSoftInputMode="adjustResize" />
136-->[com.firebaseui:firebase-ui-auth:8.0.2] AndroidManifest.xml:83:13-55
137        <activity
137-->[com.firebaseui:firebase-ui-auth:8.0.2] AndroidManifest.xml:84:9-88:58
138            android:name="com.firebase.ui.auth.ui.email.EmailLinkErrorRecoveryActivity"
138-->[com.firebaseui:firebase-ui-auth:8.0.2] AndroidManifest.xml:85:13-88
139            android:exported="false"
139-->[com.firebaseui:firebase-ui-auth:8.0.2] AndroidManifest.xml:86:13-37
140            android:label="@string/fui_sign_in_default"
140-->[com.firebaseui:firebase-ui-auth:8.0.2] AndroidManifest.xml:87:13-56
141            android:windowSoftInputMode="adjustResize" />
141-->[com.firebaseui:firebase-ui-auth:8.0.2] AndroidManifest.xml:88:13-55
142        <activity
142-->[com.firebaseui:firebase-ui-auth:8.0.2] AndroidManifest.xml:89:9-92:65
143            android:name="com.firebase.ui.auth.ui.idp.AuthMethodPickerActivity"
143-->[com.firebaseui:firebase-ui-auth:8.0.2] AndroidManifest.xml:90:13-80
144            android:exported="false"
144-->[com.firebaseui:firebase-ui-auth:8.0.2] AndroidManifest.xml:91:13-37
145            android:label="@string/fui_default_toolbar_title" />
145-->[com.firebaseui:firebase-ui-auth:8.0.2] AndroidManifest.xml:92:13-62
146        <activity
146-->[com.firebaseui:firebase-ui-auth:8.0.2] AndroidManifest.xml:93:9-97:48
147            android:name="com.facebook.FacebookActivity"
147-->[com.firebaseui:firebase-ui-auth:8.0.2] AndroidManifest.xml:94:13-57
148            android:configChanges="keyboard|keyboardHidden|screenLayout|screenSize|orientation"
148-->[com.firebaseui:firebase-ui-auth:8.0.2] AndroidManifest.xml:95:13-96
149            android:label="@string/app_name" />
149-->[com.firebaseui:firebase-ui-auth:8.0.2] AndroidManifest.xml:96:13-45
150        <activity
150-->[com.firebaseui:firebase-ui-auth:8.0.2] AndroidManifest.xml:98:9-110:20
151            android:name="com.facebook.CustomTabActivity"
151-->[com.firebaseui:firebase-ui-auth:8.0.2] AndroidManifest.xml:99:13-58
152            android:exported="true" >
152-->[com.firebaseui:firebase-ui-auth:8.0.2] AndroidManifest.xml:100:13-36
153            <intent-filter>
153-->[com.firebaseui:firebase-ui-auth:8.0.2] AndroidManifest.xml:102:13-109:29
154                <action android:name="android.intent.action.VIEW" />
154-->[com.firebaseui:firebase-ui-auth:8.0.2] AndroidManifest.xml:17:13-65
154-->[com.firebaseui:firebase-ui-auth:8.0.2] AndroidManifest.xml:17:21-62
155
156                <category android:name="android.intent.category.DEFAULT" />
156-->[com.firebaseui:firebase-ui-auth:8.0.2] AndroidManifest.xml:105:17-76
156-->[com.firebaseui:firebase-ui-auth:8.0.2] AndroidManifest.xml:105:27-73
157                <category android:name="android.intent.category.BROWSABLE" />
157-->[com.firebaseui:firebase-ui-auth:8.0.2] AndroidManifest.xml:19:13-74
157-->[com.firebaseui:firebase-ui-auth:8.0.2] AndroidManifest.xml:19:23-71
158
159                <data android:scheme="@string/facebook_login_protocol_scheme" />
159-->[com.firebaseui:firebase-ui-auth:8.0.2] AndroidManifest.xml:21:13-43
159-->[com.firebaseui:firebase-ui-auth:8.0.2] AndroidManifest.xml:21:19-40
160            </intent-filter>
161        </activity>
162
163        <provider
163-->[com.firebaseui:firebase-ui-auth:8.0.2] AndroidManifest.xml:112:9-116:38
164            android:name="com.firebase.ui.auth.data.client.AuthUiInitProvider"
164-->[com.firebaseui:firebase-ui-auth:8.0.2] AndroidManifest.xml:113:13-79
165            android:authorities="com.example.eventorias.authuiinitprovider"
165-->[com.firebaseui:firebase-ui-auth:8.0.2] AndroidManifest.xml:114:13-70
166            android:exported="false"
166-->[com.firebaseui:firebase-ui-auth:8.0.2] AndroidManifest.xml:115:13-37
167            android:initOrder="90" />
167-->[com.firebaseui:firebase-ui-auth:8.0.2] AndroidManifest.xml:116:13-35
168
169        <service
169-->[com.google.firebase:firebase-storage-ktx:21.0.1] AndroidManifest.xml:9:9-15:19
170            android:name="com.google.firebase.components.ComponentDiscoveryService"
170-->[com.google.firebase:firebase-storage-ktx:21.0.1] AndroidManifest.xml:10:13-84
171            android:directBootAware="true"
171-->[com.google.firebase:firebase-common:21.0.0] AndroidManifest.xml:32:13-43
172            android:exported="false" >
172-->[com.google.firebase:firebase-storage-ktx:21.0.1] AndroidManifest.xml:11:13-37
173            <meta-data
173-->[com.google.firebase:firebase-storage-ktx:21.0.1] AndroidManifest.xml:12:13-14:85
174                android:name="com.google.firebase.components:com.google.firebase.storage.ktx.FirebaseStorageLegacyRegistrar"
174-->[com.google.firebase:firebase-storage-ktx:21.0.1] AndroidManifest.xml:13:17-125
175                android:value="com.google.firebase.components.ComponentRegistrar" />
175-->[com.google.firebase:firebase-storage-ktx:21.0.1] AndroidManifest.xml:14:17-82
176            <meta-data
176-->[com.google.firebase:firebase-messaging-ktx:24.1.0] AndroidManifest.xml:26:13-28:85
177                android:name="com.google.firebase.components:com.google.firebase.messaging.ktx.FirebaseMessagingLegacyRegistrar"
177-->[com.google.firebase:firebase-messaging-ktx:24.1.0] AndroidManifest.xml:27:17-129
178                android:value="com.google.firebase.components.ComponentRegistrar" />
178-->[com.google.firebase:firebase-messaging-ktx:24.1.0] AndroidManifest.xml:28:17-82
179            <meta-data
179-->[com.google.firebase:firebase-messaging:24.1.0] AndroidManifest.xml:57:13-59:85
180                android:name="com.google.firebase.components:com.google.firebase.messaging.FirebaseMessagingKtxRegistrar"
180-->[com.google.firebase:firebase-messaging:24.1.0] AndroidManifest.xml:58:17-122
181                android:value="com.google.firebase.components.ComponentRegistrar" />
181-->[com.google.firebase:firebase-messaging:24.1.0] AndroidManifest.xml:59:17-82
182            <meta-data
182-->[com.google.firebase:firebase-messaging:24.1.0] AndroidManifest.xml:60:13-62:85
183                android:name="com.google.firebase.components:com.google.firebase.messaging.FirebaseMessagingRegistrar"
183-->[com.google.firebase:firebase-messaging:24.1.0] AndroidManifest.xml:61:17-119
184                android:value="com.google.firebase.components.ComponentRegistrar" />
184-->[com.google.firebase:firebase-messaging:24.1.0] AndroidManifest.xml:62:17-82
185            <meta-data
185-->[com.google.firebase:firebase-firestore:25.1.1] AndroidManifest.xml:17:13-19:85
186                android:name="com.google.firebase.components:com.google.firebase.firestore.FirebaseFirestoreKtxRegistrar"
186-->[com.google.firebase:firebase-firestore:25.1.1] AndroidManifest.xml:18:17-122
187                android:value="com.google.firebase.components.ComponentRegistrar" />
187-->[com.google.firebase:firebase-firestore:25.1.1] AndroidManifest.xml:19:17-82
188            <meta-data
188-->[com.google.firebase:firebase-firestore:25.1.1] AndroidManifest.xml:20:13-22:85
189                android:name="com.google.firebase.components:com.google.firebase.firestore.FirestoreRegistrar"
189-->[com.google.firebase:firebase-firestore:25.1.1] AndroidManifest.xml:21:17-111
190                android:value="com.google.firebase.components.ComponentRegistrar" />
190-->[com.google.firebase:firebase-firestore:25.1.1] AndroidManifest.xml:22:17-82
191            <meta-data
191-->[com.google.firebase:firebase-auth-ktx:23.1.0] AndroidManifest.xml:11:13-13:85
192                android:name="com.google.firebase.components:com.google.firebase.auth.ktx.FirebaseAuthLegacyRegistrar"
192-->[com.google.firebase:firebase-auth-ktx:23.1.0] AndroidManifest.xml:12:17-119
193                android:value="com.google.firebase.components.ComponentRegistrar" />
193-->[com.google.firebase:firebase-auth-ktx:23.1.0] AndroidManifest.xml:13:17-82
194            <meta-data
194-->[com.google.firebase:firebase-auth:23.1.0] AndroidManifest.xml:69:13-71:85
195                android:name="com.google.firebase.components:com.google.firebase.auth.FirebaseAuthRegistrar"
195-->[com.google.firebase:firebase-auth:23.1.0] AndroidManifest.xml:70:17-109
196                android:value="com.google.firebase.components.ComponentRegistrar" />
196-->[com.google.firebase:firebase-auth:23.1.0] AndroidManifest.xml:71:17-82
197            <meta-data
197-->[com.google.android.gms:play-services-measurement-api:22.1.2] AndroidManifest.xml:37:13-39:85
198                android:name="com.google.firebase.components:com.google.firebase.analytics.connector.internal.AnalyticsConnectorRegistrar"
198-->[com.google.android.gms:play-services-measurement-api:22.1.2] AndroidManifest.xml:38:17-139
199                android:value="com.google.firebase.components.ComponentRegistrar" />
199-->[com.google.android.gms:play-services-measurement-api:22.1.2] AndroidManifest.xml:39:17-82
200            <meta-data
200-->[com.google.firebase:firebase-installations:18.0.0] AndroidManifest.xml:15:13-17:85
201                android:name="com.google.firebase.components:com.google.firebase.installations.FirebaseInstallationsKtxRegistrar"
201-->[com.google.firebase:firebase-installations:18.0.0] AndroidManifest.xml:16:17-130
202                android:value="com.google.firebase.components.ComponentRegistrar" />
202-->[com.google.firebase:firebase-installations:18.0.0] AndroidManifest.xml:17:17-82
203            <meta-data
203-->[com.google.firebase:firebase-installations:18.0.0] AndroidManifest.xml:18:13-20:85
204                android:name="com.google.firebase.components:com.google.firebase.installations.FirebaseInstallationsRegistrar"
204-->[com.google.firebase:firebase-installations:18.0.0] AndroidManifest.xml:19:17-127
205                android:value="com.google.firebase.components.ComponentRegistrar" />
205-->[com.google.firebase:firebase-installations:18.0.0] AndroidManifest.xml:20:17-82
206            <meta-data
206-->[com.google.firebase:firebase-storage:21.0.1] AndroidManifest.xml:30:13-32:85
207                android:name="com.google.firebase.components:com.google.firebase.storage.FirebaseStorageKtxRegistrar"
207-->[com.google.firebase:firebase-storage:21.0.1] AndroidManifest.xml:31:17-118
208                android:value="com.google.firebase.components.ComponentRegistrar" />
208-->[com.google.firebase:firebase-storage:21.0.1] AndroidManifest.xml:32:17-82
209            <meta-data
209-->[com.google.firebase:firebase-storage:21.0.1] AndroidManifest.xml:33:13-35:85
210                android:name="com.google.firebase.components:com.google.firebase.storage.StorageRegistrar"
210-->[com.google.firebase:firebase-storage:21.0.1] AndroidManifest.xml:34:17-107
211                android:value="com.google.firebase.components.ComponentRegistrar" />
211-->[com.google.firebase:firebase-storage:21.0.1] AndroidManifest.xml:35:17-82
212            <meta-data
212-->[com.google.firebase:firebase-appcheck:18.0.0] AndroidManifest.xml:25:13-27:85
213                android:name="com.google.firebase.components:com.google.firebase.appcheck.FirebaseAppCheckKtxRegistrar"
213-->[com.google.firebase:firebase-appcheck:18.0.0] AndroidManifest.xml:26:17-120
214                android:value="com.google.firebase.components.ComponentRegistrar" />
214-->[com.google.firebase:firebase-appcheck:18.0.0] AndroidManifest.xml:27:17-82
215            <meta-data
215-->[com.google.firebase:firebase-appcheck:18.0.0] AndroidManifest.xml:28:13-30:85
216                android:name="com.google.firebase.components:com.google.firebase.appcheck.FirebaseAppCheckRegistrar"
216-->[com.google.firebase:firebase-appcheck:18.0.0] AndroidManifest.xml:29:17-117
217                android:value="com.google.firebase.components.ComponentRegistrar" />
217-->[com.google.firebase:firebase-appcheck:18.0.0] AndroidManifest.xml:30:17-82
218            <meta-data
218-->[com.google.firebase:firebase-common-ktx:21.0.0] AndroidManifest.xml:12:13-14:85
219                android:name="com.google.firebase.components:com.google.firebase.ktx.FirebaseCommonLegacyRegistrar"
219-->[com.google.firebase:firebase-common-ktx:21.0.0] AndroidManifest.xml:13:17-116
220                android:value="com.google.firebase.components.ComponentRegistrar" />
220-->[com.google.firebase:firebase-common-ktx:21.0.0] AndroidManifest.xml:14:17-82
221            <meta-data
221-->[com.google.firebase:firebase-common:21.0.0] AndroidManifest.xml:35:13-37:85
222                android:name="com.google.firebase.components:com.google.firebase.FirebaseCommonKtxRegistrar"
222-->[com.google.firebase:firebase-common:21.0.0] AndroidManifest.xml:36:17-109
223                android:value="com.google.firebase.components.ComponentRegistrar" />
223-->[com.google.firebase:firebase-common:21.0.0] AndroidManifest.xml:37:17-82
224            <meta-data
224-->[com.google.firebase:firebase-datatransport:18.2.0] AndroidManifest.xml:25:13-27:85
225                android:name="com.google.firebase.components:com.google.firebase.datatransport.TransportRegistrar"
225-->[com.google.firebase:firebase-datatransport:18.2.0] AndroidManifest.xml:26:17-115
226                android:value="com.google.firebase.components.ComponentRegistrar" />
226-->[com.google.firebase:firebase-datatransport:18.2.0] AndroidManifest.xml:27:17-82
227        </service>
228
229        <receiver
229-->[com.google.firebase:firebase-messaging:24.1.0] AndroidManifest.xml:29:9-40:20
230            android:name="com.google.firebase.iid.FirebaseInstanceIdReceiver"
230-->[com.google.firebase:firebase-messaging:24.1.0] AndroidManifest.xml:30:13-78
231            android:exported="true"
231-->[com.google.firebase:firebase-messaging:24.1.0] AndroidManifest.xml:31:13-36
232            android:permission="com.google.android.c2dm.permission.SEND" >
232-->[com.google.firebase:firebase-messaging:24.1.0] AndroidManifest.xml:32:13-73
233            <intent-filter>
233-->[com.google.firebase:firebase-messaging:24.1.0] AndroidManifest.xml:33:13-35:29
234                <action android:name="com.google.android.c2dm.intent.RECEIVE" />
234-->[com.google.firebase:firebase-messaging:24.1.0] AndroidManifest.xml:34:17-81
234-->[com.google.firebase:firebase-messaging:24.1.0] AndroidManifest.xml:34:25-78
235            </intent-filter>
236
237            <meta-data
237-->[com.google.firebase:firebase-messaging:24.1.0] AndroidManifest.xml:37:13-39:40
238                android:name="com.google.android.gms.cloudmessaging.FINISHED_AFTER_HANDLED"